#-----------------------------------------------------------
# Vivado v2019.2 (64-bit)
# SW Build 2708876 on Wed Nov  6 21:40:23 MST 2019
# IP Build 2700528 on Thu Nov  7 00:09:20 MST 2019
# Start of session at: Sat Jun 13 23:48:32 2020
# Process ID: 13200
# Current directory: D:/VHDL/Proyecto_2020
# Command line: vivado.exe -gui_launcher_event rodinguilauncherevent10480 D:\VHDL\Proyecto_2020\Proyecto_2020.xpr
# Log file: D:/VHDL/Proyecto_2020/vivado.log
# Journal file: D:/VHDL/Proyecto_2020\vivado.jou
#-----------------------------------------------------------
start_gui
open_project D:/VHDL/Proyecto_2020/Proyecto_2020.xpr
Scanning sources...
Finished scanning sources
INFO: [IP_Flow 19-234] Refreshing IP repositories
INFO: [IP_Flow 19-1704] No user IP repositories specified
INFO: [IP_Flow 19-2313] Loaded Vivado IP repository 'E:/Vivado/2019.2/data/ip'.
open_project: Time (s): cpu = 00:00:18 ; elapsed = 00:00:10 . Memory (MB): peak = 711.848 ; gain = 104.105
update_compile_order -fileset sources_1
launch_simulation
Command: launch_simulation 
INFO: [Vivado 12-5682] Launching behavioral simulation in 'D:/VHDL/Proyecto_2020/Proyecto_2020.sim/sim_1/behav/xsim'
INFO: [SIM-utils-51] Simulation object is 'sim_1'
INFO: [SIM-utils-54] Inspecting design source files for 'testbench_for_procesador' in fileset 'sim_1'...
INFO: [USF-XSim-97] Finding global include files...
INFO: [USF-XSim-98] Fetching design files from 'sim_1'...
INFO: [USF-XSim-2] XSim::Compile design
INFO: [USF-XSim-61] Executing 'COMPILE and ANALYZE' step in 'D:/VHDL/Proyecto_2020/Proyecto_2020.sim/sim_1/behav/xsim'
"xvhdl --incr --relax -prj testbench_for_procesador_vhdl.prj"
INFO: [VRFC 10-163] Analyzing VHDL file "D:/VHDL/Proyecto_2020/Proyecto_2020.srcs/sources_1/imports/du/DU.vhd" into library xil_defaultlib
INFO: [VRFC 10-3107] analyzing entity 'DU'
INFO: [VRFC 10-163] Analyzing VHDL file "D:/VHDL/Proyecto_2020/Proyecto_2020.srcs/sources_1/imports/ALU/P1C.vhd" into library xil_defaultlib
INFO: [VRFC 10-3107] analyzing entity 'ALU'
INFO: [VRFC 10-163] Analyzing VHDL file "D:/VHDL/Proyecto_2020/Proyecto_2020.srcs/sources_1/imports/Banco de registros/P1D.vhd" into library xil_defaultlib
INFO: [VRFC 10-3107] analyzing entity 'Registers'
INFO: [VRFC 10-163] Analyzing VHDL file "D:/VHDL/Proyecto_2020/Proyecto_2020.srcs/sources_1/imports/Lab2Material/memory.vhd" into library xil_defaultlib
INFO: [VRFC 10-3107] analyzing entity 'memory'
INFO: [VRFC 10-163] Analyzing VHDL file "D:/VHDL/Proyecto_2020/Proyecto_2020.srcs/sources_1/imports/Lab2Material/processor.vhd" into library xil_defaultlib
INFO: [VRFC 10-3107] analyzing entity 'processor'
INFO: [VRFC 10-163] Analyzing VHDL file "D:/VHDL/Proyecto_2020/Proyecto_2020.srcs/sim_1/imports/Lab2Material/processor_tb.vhd" into library xil_defaultlib
INFO: [VRFC 10-3107] analyzing entity 'processor_tb'
run_program: Time (s): cpu = 00:00:03 ; elapsed = 00:00:06 . Memory (MB): peak = 784.172 ; gain = 14.910
INFO: [USF-XSim-69] 'compile' step finished in '7' seconds
INFO: [USF-XSim-3] XSim::Elaborate design
INFO: [USF-XSim-61] Executing 'ELABORATE' step in 'D:/VHDL/Proyecto_2020/Proyecto_2020.sim/sim_1/behav/xsim'
"xelab -wto 341cd1e188074e2e8767f065a8c46d59 --incr --debug typical --relax --mt 2 -L xil_defaultlib -L secureip --snapshot testbench_for_procesador_behav xil_defaultlib.testbench_for_procesador -log elaborate.log"
Vivado Simulator 2019.2
Copyright 1986-1999, 2001-2019 Xilinx, Inc. All Rights Reserved.
Running: E:/Vivado/2019.2/bin/unwrapped/win64.o/xelab.exe -wto 341cd1e188074e2e8767f065a8c46d59 --incr --debug typical --relax --mt 2 -L xil_defaultlib -L secureip --snapshot testbench_for_procesador_behav xil_defaultlib.testbench_for_procesador -log elaborate.log 
Using 2 slave threads.
Starting static elaboration
ERROR: [VRFC 10-3114] architecture 'processor' not found in entity 'processor' [D:/VHDL/Proyecto_2020/Proyecto_2020.srcs/sim_1/imports/Lab2Material/processor_tb.vhd:88]
ERROR: [XSIM 43-3321] Static elaboration of top level VHDL design unit testbench_for_procesador in library work failed.
INFO: [USF-XSim-69] 'elaborate' step finished in '4' seconds
INFO: [USF-XSim-99] Step results log file:'D:/VHDL/Proyecto_2020/Proyecto_2020.sim/sim_1/behav/xsim/elaborate.log'
ERROR: [USF-XSim-62] 'elaborate' step failed with error(s). Please check the Tcl console output or 'D:/VHDL/Proyecto_2020/Proyecto_2020.sim/sim_1/behav/xsim/elaborate.log' file for more information.
ERROR: [Vivado 12-4473] Detected error while running simulation. Please correct the issue and retry this operation.
launch_simulation: Time (s): cpu = 00:00:06 ; elapsed = 00:00:13 . Memory (MB): peak = 784.172 ; gain = 14.910
ERROR: [Common 17-39] 'launch_simulation' failed due to earlier errors.
exit
INFO: [Common 17-206] Exiting Vivado at Sat Jun 13 23:51:44 2020...
