#-----------------------------------------------------------
# Vivado v2019.2 (64-bit)
# SW Build 2708876 on Wed Nov  6 21:40:23 MST 2019
# IP Build 2700528 on Thu Nov  7 00:09:20 MST 2019
# Start of session at: Wed Jun 17 22:46:06 2020
# Process ID: 5064
# Current directory: D:/VHDL/Proyecto_2020
# Command line: vivado.exe -gui_launcher_event rodinguilauncherevent4388 D:\VHDL\Proyecto_2020\Proyecto_2020.xpr
# Log file: D:/VHDL/Proyecto_2020/vivado.log
# Journal file: D:/VHDL/Proyecto_2020\vivado.jou
#-----------------------------------------------------------
start_gui
open_project D:/VHDL/Proyecto_2020/Proyecto_2020.xpr
Scanning sources...
Finished scanning sources
INFO: [IP_Flow 19-234] Refreshing IP repositories
INFO: [IP_Flow 19-1704] No user IP repositories specified
INFO: [IP_Flow 19-2313] Loaded Vivado IP repository 'E:/Vivado/2019.2/data/ip'.
open_project: Time (s): cpu = 00:00:19 ; elapsed = 00:00:19 . Memory (MB): peak = 708.766 ; gain = 94.594
update_compile_order -fileset sources_1
exit
INFO: [Common 17-206] Exiting Vivado at Wed Jun 17 22:50:10 2020...
